<?xml version="1.0" encoding="UTF-8"?>
<!-- Generated by org.testng.reporters.JUnitReportReporter -->
<testsuite skipped="0" hostname="LAPTOP-7O38B23I" name="class2.DependsOnAttributeBatch9" tests="2" failures="0" timestamp="2021-05-17T22:27:42 EDT" time="0.015" errors="0">
  <testcase name="enterCredentials" time="0.000" classname="class2.DependsOnAttributeBatch9"/>
  <system-out/>
  <testcase name="launchApplication" time="0.015" classname="class2.DependsOnAttributeBatch9"/>
  <system-out/>
</testsuite> <!-- class2.DependsOnAttributeBatch9 -->
