<?xml version="1.0" encoding="UTF-8"?>
<!-- Generated by org.testng.reporters.JUnitReportReporter -->
<testsuite skipped="0" hostname="LAPTOP-7O38B23I" name="class2.AssertionsBatch9" tests="1" failures="0" timestamp="2021-05-17T22:27:13 EDT" time="0.018" errors="0">
  <testcase name="assertVerification" time="0.018" classname="class2.AssertionsBatch9"/>
  <system-out/>
</testsuite> <!-- class2.AssertionsBatch9 -->
