<?xml version="1.0" encoding="UTF-8"?>
<!-- Generated by org.testng.reporters.JUnitReportReporter -->
<testsuite skipped="0" hostname="LAPTOP-7O38B23I" name="class2.PriotityBatch9" tests="5" failures="0" timestamp="2021-05-21T20:14:43 EDT" time="0.019" errors="0">
  <testcase name="loginMethod" time="0.015" classname="class2.PriotityBatch9"/>
  <system-out/>
  <testcase name="logoutMethod" time="0.001" classname="class2.PriotityBatch9"/>
  <system-out/>
  <testcase name="enterCredentialsMethod" time="0.001" classname="class2.PriotityBatch9"/>
  <system-out/>
  <testcase name="enterInvalidCrdentials" time="0.001" classname="class2.PriotityBatch9"/>
  <system-out/>
  <testcase name="anotherTestMethod" time="0.001" classname="class2.PriotityBatch9"/>
  <system-out/>
</testsuite> <!-- class2.PriotityBatch9 -->
