<?xml version="1.0" encoding="UTF-8"?>
<!-- Generated by org.testng.reporters.JUnitReportReporter -->
<testsuite skipped="0" hostname="LAPTOP-7O38B23I" name="testNgClass.Main" tests="1" failures="0" timestamp="2021-05-21T20:17:26 EDT" time="0.013" errors="0">
  <testcase name="hello" time="0.013" classname="testNgClass.Main"/>
  <system-out/>
</testsuite> <!-- testNgClass.Main -->
